{"/Users/Sharpless/Git/HackReactor/cohort/SDC/questions-api/test/init.js": {"path":"/Users/Sharpless/Git/HackReactor/cohort/SDC/questions-api/test/init.js","statementMap":{"0":{"start":{"line":3,"column":2},"end":{"line":3,"column":20}},"1":{"start":{"line":6,"column":0},"end":{"line":6,"column":28}}},"fnMap":{"0":{"name":"cloneArray","decl":{"start":{"line":1,"column":9},"end":{"line":1,"column":19}},"loc":{"start":{"line":1,"column":27},"end":{"line":4,"column":1}},"line":1}},"branchMap":{},"s":{"0":3,"1":1},"f":{"0":3},"b":{},"_coverageSchema":"1a1c01bbd47fc00a2c39e90264f33305004495a9","hash":"d6e65d7f2941abb55dd9601f7e1d95f27b7178f6"}
}
